2023-10-07 15:53:41,759 [INFO] Activator:177 - 


2023-10-07 15:53:41,759 [INFO] Activator:178 - !SESSION log4j initialized
2023-10-07 15:53:46,569 [INFO] McuFinderGlobals:39 - Set McuFinder mode to 2 (CubeIDE integrated)
2023-10-07 15:53:47,523 [INFO] ApplicationProperties:181 - Using Application install path: D:\STM32CubeIDE_1.7.0\STM32CubeIDE\plugins\com.st.stm32cube.common.mx_6.3.0.202107141111
2023-10-07 15:53:47,538 [INFO] DbMcusXml:74 - Set database path to: D:\STM32CubeIDE_1.7.0\STM32CubeIDE\plugins\com.st.stm32cube.common.mx_6.3.0.202107141111\\db\/mcu/
2023-10-07 15:53:47,538 [INFO] DbBoardsPdsc:56 - Set plugin database path to: D:\STM32CubeIDE_1.7.0\STM32CubeIDE\plugins\com.st.stm32cube.common.mx_6.3.0.202107141111\\db\/plugins/boardmanager/
2023-10-07 15:53:47,538 [INFO] DbMcus:258 - Set plugin images path to: D:\STM32CubeIDE_1.7.0\STM32CubeIDE\plugins\com.st.stm32cube.common.mx_6.3.0.202107141111\\db\/plugins/mcufinder/images/
2023-10-07 15:53:47,538 [INFO] DbBoards:264 - Set plugin images path to: D:\STM32CubeIDE_1.7.0\STM32CubeIDE\plugins\com.st.stm32cube.common.mx_6.3.0.202107141111\\db\/plugins/mcufinder/images/
2023-10-07 15:53:47,538 [INFO] DbExamples:333 - Set plugin images path to: D:\STM32CubeIDE_1.7.0\STM32CubeIDE\plugins\com.st.stm32cube.common.mx_6.3.0.202107141111\\db\/plugins/mcufinder/images/
2023-10-07 15:53:47,554 [INFO] DbMcusAds:119 - Set database path to: C:\Users\Admin\.stmcufinder\plugins\mcufinder//mcu/
2023-10-07 15:53:47,554 [INFO] DbMcusDocs:110 - Set database path to: C:\Users\Admin\.stmcufinder\plugins\mcufinder//mcu/
2023-10-07 15:53:47,554 [INFO] DbMcusJson:64 - Set database path to: C:\Users\Admin\.stmcufinder\plugins\mcufinder//mcu/
2023-10-07 15:53:47,554 [INFO] DbBoardsDocs:110 - Set database path to: C:\Users\Admin\.stmcufinder\plugins\mcufinder//mcu/
2023-10-07 15:53:47,554 [INFO] DbBoardsJson:57 - Set database path to: C:\Users\Admin\.stmcufinder\plugins\mcufinder//mcu/
2023-10-07 15:53:47,554 [INFO] CrossReferenceDbSqlite:196 - Set database path to: C:\Users\Admin\.stmcufinder\plugins\mcufinder//mcu/cs/
2023-10-07 15:53:47,569 [INFO] DbExamplesSqlite:767 - Set database path to: C:\Users\Admin\.stmcufinder\plugins\mcufinder//mcu/
2023-10-07 15:53:47,633 [INFO] RulesReader:57 - Compatibility file has been processed (242 Rules)
2023-10-07 15:53:47,775 [INFO] DbMcusXml:74 - Set database path to: D:\STM32CubeIDE_1.7.0\STM32CubeIDE\plugins\com.st.stm32cube.common.mx_6.3.0.202107141111\\db\/mcu/
2023-10-07 15:53:47,775 [INFO] DbBoardsPdsc:56 - Set plugin database path to: D:\STM32CubeIDE_1.7.0\STM32CubeIDE\plugins\com.st.stm32cube.common.mx_6.3.0.202107141111\\db\/plugins/boardmanager/
2023-10-07 15:53:47,775 [INFO] DbMcus:258 - Set plugin images path to: D:\STM32CubeIDE_1.7.0\STM32CubeIDE\plugins\com.st.stm32cube.common.mx_6.3.0.202107141111\\db\/plugins/mcufinder/images/
2023-10-07 15:53:47,775 [INFO] DbBoards:264 - Set plugin images path to: D:\STM32CubeIDE_1.7.0\STM32CubeIDE\plugins\com.st.stm32cube.common.mx_6.3.0.202107141111\\db\/plugins/mcufinder/images/
2023-10-07 15:53:47,775 [INFO] DbExamples:333 - Set plugin images path to: D:\STM32CubeIDE_1.7.0\STM32CubeIDE\plugins\com.st.stm32cube.common.mx_6.3.0.202107141111\\db\/plugins/mcufinder/images/
2023-10-07 15:53:47,775 [WARN] DbFile:35 - Overriding database path with different value: C:\Users\Admin\.stmcufinder\plugins\mcufinder/ => C:\Users\Admin\.stmcufinder\plugins\mcufinder
2023-10-07 15:53:47,775 [INFO] DbMcusAds:119 - Set database path to: C:\Users\Admin\.stmcufinder\plugins\mcufinder//mcu/
2023-10-07 15:53:47,775 [WARN] DbFile:35 - Overriding database path with different value: C:\Users\Admin\.stmcufinder\plugins\mcufinder/ => C:\Users\Admin\.stmcufinder\plugins\mcufinder
2023-10-07 15:53:47,775 [INFO] DbMcusDocs:110 - Set database path to: C:\Users\Admin\.stmcufinder\plugins\mcufinder//mcu/
2023-10-07 15:53:47,775 [WARN] DbFile:35 - Overriding database path with different value: C:\Users\Admin\.stmcufinder\plugins\mcufinder/ => C:\Users\Admin\.stmcufinder\plugins\mcufinder
2023-10-07 15:53:47,775 [INFO] DbMcusJson:64 - Set database path to: C:\Users\Admin\.stmcufinder\plugins\mcufinder//mcu/
2023-10-07 15:53:47,775 [WARN] DbFile:35 - Overriding database path with different value: C:\Users\Admin\.stmcufinder\plugins\mcufinder/ => C:\Users\Admin\.stmcufinder\plugins\mcufinder
2023-10-07 15:53:47,775 [INFO] DbBoardsDocs:110 - Set database path to: C:\Users\Admin\.stmcufinder\plugins\mcufinder//mcu/
2023-10-07 15:53:47,775 [WARN] DbFile:35 - Overriding database path with different value: C:\Users\Admin\.stmcufinder\plugins\mcufinder/ => C:\Users\Admin\.stmcufinder\plugins\mcufinder
2023-10-07 15:53:47,775 [INFO] DbBoardsJson:57 - Set database path to: C:\Users\Admin\.stmcufinder\plugins\mcufinder//mcu/
2023-10-07 15:53:47,775 [WARN] DbFile:35 - Overriding database path with different value: C:\Users\Admin\.stmcufinder\plugins\mcufinder/ => C:\Users\Admin\.stmcufinder\plugins\mcufinder
2023-10-07 15:53:47,775 [WARN] DbFile:35 - Overriding database path with different value: C:\Users\Admin\.stmcufinder\plugins\mcufinder/ => C:\Users\Admin\.stmcufinder\plugins\mcufinder
2023-10-07 15:53:47,775 [INFO] CrossReferenceDbSqlite:196 - Set database path to: C:\Users\Admin\.stmcufinder\plugins\mcufinder//mcu/cs/
2023-10-07 15:53:47,775 [WARN] DbFile:35 - Overriding database path with different value: C:\Users\Admin\.stmcufinder\plugins\mcufinder/ => C:\Users\Admin\.stmcufinder\plugins\mcufinder
2023-10-07 15:53:47,775 [INFO] DbExamplesSqlite:767 - Set database path to: C:\Users\Admin\.stmcufinder\plugins\mcufinder//mcu/
2023-10-07 15:53:47,837 [INFO] MainPanel:214 - HeapMemory: 268435456
2023-10-07 15:53:47,931 [INFO] DbMcusXml:74 - Set database path to: D:\STM32CubeIDE_1.7.0\STM32CubeIDE\plugins\com.st.stm32cube.common.mx_6.3.0.202107141111\\db\/mcu/
2023-10-07 15:53:47,931 [INFO] DbBoardsPdsc:56 - Set plugin database path to: D:\STM32CubeIDE_1.7.0\STM32CubeIDE\plugins\com.st.stm32cube.common.mx_6.3.0.202107141111\\db\/plugins/boardmanager/
2023-10-07 15:53:47,931 [INFO] DbMcus:258 - Set plugin images path to: D:\STM32CubeIDE_1.7.0\STM32CubeIDE\plugins\com.st.stm32cube.common.mx_6.3.0.202107141111\\db\/plugins/mcufinder/images/
2023-10-07 15:53:47,931 [INFO] DbBoards:264 - Set plugin images path to: D:\STM32CubeIDE_1.7.0\STM32CubeIDE\plugins\com.st.stm32cube.common.mx_6.3.0.202107141111\\db\/plugins/mcufinder/images/
2023-10-07 15:53:47,931 [INFO] DbExamples:333 - Set plugin images path to: D:\STM32CubeIDE_1.7.0\STM32CubeIDE\plugins\com.st.stm32cube.common.mx_6.3.0.202107141111\\db\/plugins/mcufinder/images/
2023-10-07 15:53:47,931 [WARN] DbFile:35 - Overriding database path with different value: C:\Users\Admin\.stmcufinder\plugins\mcufinder/ => C:\Users\Admin\.stmcufinder\plugins\mcufinder
2023-10-07 15:53:47,931 [INFO] DbMcusAds:119 - Set database path to: C:\Users\Admin\.stmcufinder\plugins\mcufinder//mcu/
2023-10-07 15:53:47,931 [WARN] DbFile:35 - Overriding database path with different value: C:\Users\Admin\.stmcufinder\plugins\mcufinder/ => C:\Users\Admin\.stmcufinder\plugins\mcufinder
2023-10-07 15:53:47,931 [INFO] DbMcusDocs:110 - Set database path to: C:\Users\Admin\.stmcufinder\plugins\mcufinder//mcu/
2023-10-07 15:53:47,931 [WARN] DbFile:35 - Overriding database path with different value: C:\Users\Admin\.stmcufinder\plugins\mcufinder/ => C:\Users\Admin\.stmcufinder\plugins\mcufinder
2023-10-07 15:53:47,931 [INFO] DbMcusJson:64 - Set database path to: C:\Users\Admin\.stmcufinder\plugins\mcufinder//mcu/
2023-10-07 15:53:47,931 [WARN] DbFile:35 - Overriding database path with different value: C:\Users\Admin\.stmcufinder\plugins\mcufinder/ => C:\Users\Admin\.stmcufinder\plugins\mcufinder
2023-10-07 15:53:47,931 [INFO] DbBoardsDocs:110 - Set database path to: C:\Users\Admin\.stmcufinder\plugins\mcufinder//mcu/
2023-10-07 15:53:47,931 [WARN] DbFile:35 - Overriding database path with different value: C:\Users\Admin\.stmcufinder\plugins\mcufinder/ => C:\Users\Admin\.stmcufinder\plugins\mcufinder
2023-10-07 15:53:47,931 [INFO] DbBoardsJson:57 - Set database path to: C:\Users\Admin\.stmcufinder\plugins\mcufinder//mcu/
2023-10-07 15:53:47,931 [WARN] DbFile:35 - Overriding database path with different value: C:\Users\Admin\.stmcufinder\plugins\mcufinder/ => C:\Users\Admin\.stmcufinder\plugins\mcufinder
2023-10-07 15:53:47,931 [WARN] DbFile:35 - Overriding database path with different value: C:\Users\Admin\.stmcufinder\plugins\mcufinder/ => C:\Users\Admin\.stmcufinder\plugins\mcufinder
2023-10-07 15:53:47,931 [INFO] CrossReferenceDbSqlite:196 - Set database path to: C:\Users\Admin\.stmcufinder\plugins\mcufinder//mcu/cs/
2023-10-07 15:53:47,931 [WARN] DbFile:35 - Overriding database path with different value: C:\Users\Admin\.stmcufinder\plugins\mcufinder/ => C:\Users\Admin\.stmcufinder\plugins\mcufinder
2023-10-07 15:53:47,931 [INFO] DbExamplesSqlite:767 - Set database path to: C:\Users\Admin\.stmcufinder\plugins\mcufinder//mcu/
2023-10-07 15:53:47,963 [INFO] ApplicationProperties:181 - Using Application install path: D:\STM32CubeIDE_1.7.0\STM32CubeIDE\plugins\com.st.stm32cube.common.mx_6.3.0.202107141111
2023-10-07 15:53:47,963 [INFO] PluginManage:188 - Search for loadable plugins [exclusion list=, ]
2023-10-07 15:53:47,963 [INFO] PluginManage:302 - Check plugin analytics
2023-10-07 15:53:48,119 [INFO] AnalyticsPlugin:257 - Accepted Software Licenses: 
2023-10-07 15:53:48,119 [INFO] AnalyticsPlugin:259 - Accepted CMSIS Pack Licenses: 
2023-10-07 15:53:48,119 [INFO] AnalyticsPlugin:261 - Accepted Firmware Licenses: 
2023-10-07 15:53:48,119 [INFO] PluginManage:352 - Loaded plugin analytics (category:tool,tabindex:-1)
2023-10-07 15:53:48,119 [INFO] PluginManage:302 - Check plugin clock
2023-10-07 15:53:48,135 [INFO] PluginManage:352 - Loaded plugin clock (category:base,tabindex:2)
2023-10-07 15:53:48,135 [INFO] PluginManage:302 - Check plugin ddr
2023-10-07 15:53:48,135 [INFO] PluginManage:352 - Loaded plugin ddr (category:tool,tabindex:6)
2023-10-07 15:53:48,135 [INFO] PluginManage:302 - Check plugin filemanager
2023-10-07 15:53:48,261 [INFO] PluginManage:352 - Loaded plugin filemanager (category:base,tabindex:10)
2023-10-07 15:53:48,261 [INFO] PluginManage:302 - Check plugin ipmanager
2023-10-07 15:53:48,278 [INFO] PluginManage:352 - Loaded plugin ipmanager (category:base,tabindex:5)
2023-10-07 15:53:48,278 [INFO] PluginManage:302 - Check plugin pinoutandconfiguration
2023-10-07 15:53:48,278 [INFO] PluginManage:352 - Loaded plugin pinoutandconfiguration (category:base,tabindex:1)
2023-10-07 15:53:48,278 [INFO] PluginManage:302 - Check plugin pinoutconfig
2023-10-07 15:53:48,308 [INFO] PluginManage:352 - Loaded plugin pinoutconfig (category:base,tabindex:0)
2023-10-07 15:53:48,308 [INFO] PluginManage:302 - Check plugin power
2023-10-07 15:53:48,324 [INFO] PluginManage:352 - Loaded plugin power (category:power,tabindex:4)
2023-10-07 15:53:48,324 [INFO] PluginManage:302 - Check plugin projectmanager
2023-10-07 15:53:48,339 [INFO] PluginManage:352 - Loaded plugin projectmanager (category:projectmanager,tabindex:3)
2023-10-07 15:53:48,339 [INFO] PluginManage:302 - Check plugin thirdparty
2023-10-07 15:53:48,465 [INFO] PluginManage:352 - Loaded plugin thirdparty (category:base,tabindex:-1)
2023-10-07 15:53:48,465 [INFO] PluginManage:302 - Check plugin tools
2023-10-07 15:53:48,465 [WARN] IntegrityCheckThread:78 - waiting for thirdparty lock release [integrity check]
2023-10-07 15:53:48,465 [INFO] IntegrityCheckThread:80 - entering critical section [integrity check]
2023-10-07 15:53:48,469 [INFO] ThirdPartyUpdaterWithRetryManager:66 - Updater plugin not ready yet. [1/15]
2023-10-07 15:53:48,469 [INFO] PluginManage:352 - Loaded plugin tools (category:base,tabindex:7)
2023-10-07 15:53:48,469 [INFO] PluginManage:302 - Check plugin tutovideos
2023-10-07 15:53:48,668 [INFO] PluginManage:352 - Loaded plugin tutovideos (category:base,tabindex:-1)
2023-10-07 15:53:48,668 [INFO] PluginManage:302 - Check plugin updater
2023-10-07 15:53:48,685 [INFO] PluginManage:352 - Loaded plugin updater (category:base,tabindex:12)
2023-10-07 15:53:48,685 [INFO] PluginManage:275 - PluginManage : Loaded plugins [13]
2023-10-07 15:53:48,872 [INFO] PinOutPanel:1463 - setPackage(No Configuration,No Configuration)
2023-10-07 15:53:48,950 [INFO] IPUIPlugin:74 - create IPUIPlugin
2023-10-07 15:53:48,950 [INFO] PluginManager:213 - loadIPPluginJar : add adc
2023-10-07 15:53:48,950 [INFO] IPUIPlugin:74 - create IPUIPlugin
2023-10-07 15:53:48,950 [INFO] PluginManager:213 - loadIPPluginJar : add aes
2023-10-07 15:53:48,950 [INFO] IPUIPlugin:74 - create IPUIPlugin
2023-10-07 15:53:48,950 [INFO] PluginManager:213 - loadIPPluginJar : add can
2023-10-07 15:53:48,950 [INFO] IPUIPlugin:74 - create IPUIPlugin
2023-10-07 15:53:48,950 [INFO] PluginManager:213 - loadIPPluginJar : add comp
2023-10-07 15:53:48,950 [INFO] IPUIPlugin:74 - create IPUIPlugin
2023-10-07 15:53:48,950 [INFO] PluginManager:213 - loadIPPluginJar : add cryp
2023-10-07 15:53:48,966 [INFO] IPUIPlugin:74 - create IPUIPlugin
2023-10-07 15:53:48,966 [INFO] PluginManager:213 - loadIPPluginJar : add dfsdm
2023-10-07 15:53:48,966 [INFO] IPUIPlugin:74 - create IPUIPlugin
2023-10-07 15:53:48,966 [INFO] PluginManager:213 - loadIPPluginJar : add dma
2023-10-07 15:53:48,966 [INFO] IPUIPlugin:74 - create IPUIPlugin
2023-10-07 15:53:48,966 [INFO] PluginManager:213 - loadIPPluginJar : add dma3
2023-10-07 15:53:48,966 [INFO] IPUIPlugin:74 - create IPUIPlugin
2023-10-07 15:53:48,966 [INFO] PluginManager:213 - loadIPPluginJar : add fatfs
2023-10-07 15:53:48,966 [INFO] IPUIPlugin:74 - create IPUIPlugin
2023-10-07 15:53:48,966 [INFO] PluginManager:213 - loadIPPluginJar : add fmc
2023-10-07 15:53:48,966 [INFO] IPUIPlugin:74 - create IPUIPlugin
2023-10-07 15:53:48,966 [INFO] PluginManager:213 - loadIPPluginJar : add freertos
2023-10-07 15:53:48,981 [INFO] IPUIPlugin:74 - create IPUIPlugin
2023-10-07 15:53:48,981 [INFO] PluginManager:213 - loadIPPluginJar : add genericplugin
2023-10-07 15:53:48,981 [INFO] IPUIPlugin:74 - create IPUIPlugin
2023-10-07 15:53:48,981 [INFO] PluginManager:213 - loadIPPluginJar : add gfxmmu
2023-10-07 15:53:48,981 [INFO] IPUIPlugin:74 - create IPUIPlugin
2023-10-07 15:53:48,981 [INFO] PluginManager:213 - loadIPPluginJar : add gic
2023-10-07 15:53:48,981 [INFO] IPUIPlugin:74 - create IPUIPlugin
2023-10-07 15:53:48,981 [INFO] PluginManager:213 - loadIPPluginJar : add gpio
2023-10-07 15:53:48,981 [INFO] IPUIPlugin:74 - create IPUIPlugin
2023-10-07 15:53:48,981 [INFO] PluginManager:213 - loadIPPluginJar : add gtzc
2023-10-07 15:53:48,981 [INFO] IPUIPlugin:74 - create IPUIPlugin
2023-10-07 15:53:48,981 [INFO] PluginManager:213 - loadIPPluginJar : add hash
2023-10-07 15:53:48,981 [INFO] IPUIPlugin:74 - create IPUIPlugin
2023-10-07 15:53:48,981 [INFO] PluginManager:213 - loadIPPluginJar : add i2c
2023-10-07 15:53:48,981 [INFO] IPUIPlugin:74 - create IPUIPlugin
2023-10-07 15:53:48,981 [INFO] PluginManager:213 - loadIPPluginJar : add i2s
2023-10-07 15:53:48,997 [INFO] IPUIPlugin:74 - create IPUIPlugin
2023-10-07 15:53:48,997 [INFO] PluginManager:213 - loadIPPluginJar : add ipddr
2023-10-07 15:53:48,997 [INFO] IPUIPlugin:74 - create IPUIPlugin
2023-10-07 15:53:48,997 [INFO] PluginManager:213 - loadIPPluginJar : add linkedlist
2023-10-07 15:53:48,997 [INFO] IPUIPlugin:74 - create IPUIPlugin
2023-10-07 15:53:48,997 [INFO] PluginManager:213 - loadIPPluginJar : add lorawan
2023-10-07 15:53:48,997 [INFO] IPUIPlugin:74 - create IPUIPlugin
2023-10-07 15:53:48,997 [INFO] PluginManager:213 - loadIPPluginJar : add ltdc
2023-10-07 15:53:48,997 [INFO] IPUIPlugin:74 - create IPUIPlugin
2023-10-07 15:53:48,997 [INFO] PluginManager:213 - loadIPPluginJar : add mdma
2023-10-07 15:53:48,997 [INFO] IPUIPlugin:74 - create IPUIPlugin
2023-10-07 15:53:48,997 [INFO] PluginManager:213 - loadIPPluginJar : add nvic
2023-10-07 15:53:49,013 [INFO] IPUIPlugin:74 - create IPUIPlugin
2023-10-07 15:53:49,013 [INFO] PluginManager:213 - loadIPPluginJar : add opamp
2023-10-07 15:53:49,013 [INFO] IPUIPlugin:74 - create IPUIPlugin
2023-10-07 15:53:49,013 [INFO] PluginManager:213 - loadIPPluginJar : add openamp
2023-10-07 15:53:49,013 [INFO] IPUIPlugin:74 - create IPUIPlugin
2023-10-07 15:53:49,013 [INFO] PluginManager:213 - loadIPPluginJar : add pdm2pcm
2023-10-07 15:53:49,013 [INFO] IPUIPlugin:74 - create IPUIPlugin
2023-10-07 15:53:49,013 [INFO] PluginManager:213 - loadIPPluginJar : add plateformsettings
2023-10-07 15:53:49,013 [INFO] IPUIPlugin:74 - create IPUIPlugin
2023-10-07 15:53:49,013 [INFO] PluginManager:213 - loadIPPluginJar : add quadspi
2023-10-07 15:53:49,013 [INFO] IPUIPlugin:74 - create IPUIPlugin
2023-10-07 15:53:49,013 [INFO] PluginManager:213 - loadIPPluginJar : add resmgrutility
2023-10-07 15:53:49,028 [INFO] IPUIPlugin:74 - create IPUIPlugin
2023-10-07 15:53:49,028 [INFO] PluginManager:213 - loadIPPluginJar : add sai
2023-10-07 15:53:49,028 [INFO] IPUIPlugin:74 - create IPUIPlugin
2023-10-07 15:53:49,028 [INFO] PluginManager:213 - loadIPPluginJar : add spi
2023-10-07 15:53:49,028 [INFO] IPUIPlugin:74 - create IPUIPlugin
2023-10-07 15:53:49,028 [INFO] PluginManager:213 - loadIPPluginJar : add stm32_wpan
2023-10-07 15:53:49,028 [INFO] IPUIPlugin:74 - create IPUIPlugin
2023-10-07 15:53:49,028 [INFO] PluginManager:213 - loadIPPluginJar : add tim
2023-10-07 15:53:49,028 [INFO] IPUIPlugin:74 - create IPUIPlugin
2023-10-07 15:53:49,028 [INFO] PluginManager:213 - loadIPPluginJar : add touchsensing
2023-10-07 15:53:49,028 [INFO] IPUIPlugin:74 - create IPUIPlugin
2023-10-07 15:53:49,028 [INFO] PluginManager:213 - loadIPPluginJar : add tracer_emb
2023-10-07 15:53:49,028 [INFO] IPUIPlugin:74 - create IPUIPlugin
2023-10-07 15:53:49,028 [INFO] PluginManager:213 - loadIPPluginJar : add ts
2023-10-07 15:53:49,028 [INFO] IPUIPlugin:74 - create IPUIPlugin
2023-10-07 15:53:49,028 [INFO] PluginManager:213 - loadIPPluginJar : add tsc
2023-10-07 15:53:49,028 [INFO] IPUIPlugin:74 - create IPUIPlugin
2023-10-07 15:53:49,028 [INFO] PluginManager:213 - loadIPPluginJar : add ucpd
2023-10-07 15:53:49,028 [INFO] IPUIPlugin:74 - create IPUIPlugin
2023-10-07 15:53:49,028 [INFO] PluginManager:213 - loadIPPluginJar : add usart
2023-10-07 15:53:49,044 [INFO] IPUIPlugin:74 - create IPUIPlugin
2023-10-07 15:53:49,044 [INFO] PluginManager:213 - loadIPPluginJar : add usbx
2023-10-07 15:53:49,359 [FATAL] Updater:294 - Updater called before beeing initialized
2023-10-07 15:53:49,453 [FATAL] Updater:294 - Updater called before beeing initialized
2023-10-07 15:53:49,453 [INFO] DbMcusAds:47 - JSON generation date=Tue Mar 07 15:50:55 ICT 2023 (1678179055114)
2023-10-07 15:53:49,453 [FATAL] Updater:294 - Updater called before beeing initialized
2023-10-07 15:53:49,484 [WARN] DetailPanel:314 - Failed to get advertising image, set to default
2023-10-07 15:53:49,578 [FATAL] Updater:294 - Updater called before beeing initialized
2023-10-07 15:53:49,578 [FATAL] Updater:294 - Updater called before beeing initialized
2023-10-07 15:53:49,578 [FATAL] Updater:294 - Updater called before beeing initialized
2023-10-07 15:53:49,578 [WARN] DetailPanel:314 - Failed to get advertising image, set to default
2023-10-07 15:53:49,578 [FATAL] Updater:294 - Updater called before beeing initialized
2023-10-07 15:53:49,625 [ERROR] Updater:1075 - MainUpdater not yet initialized. External WinMGr cannot be set.
2023-10-07 15:53:49,673 [INFO] Updater:1012 - Updater Version found : 6.3.0
2023-10-07 15:53:49,689 [INFO] ApplicationProperties:181 - Using Application install path: D:\STM32CubeIDE_1.7.0\STM32CubeIDE\plugins\com.st.stm32cube.common.mx_6.3.0.202107141111
2023-10-07 15:53:50,941 [INFO] MainUpdater:2671 - connection check result : 10
2023-10-07 15:53:50,941 [INFO] MainUpdater:265 - Updater Check For Update Now.
2023-10-07 15:53:50,941 [INFO] MicroXplorer:478 - Change Database Version : DB.6.0.30
2023-10-07 15:53:51,115 [INFO] CheckServerUpdateThread:112 - End of CheckServer Thread
2023-10-07 15:53:51,176 [INFO] MainUpdater:2671 - connection check result : 10
2023-10-07 15:53:51,630 [ERROR] Engine:463 - C:\Users\Admin\.stm32cubemx\thirdparties\pdsc\STMicroelectronics.X-CUBE-SMBUS.2.1.0.pdsc: PDSC version is not supported
2023-10-07 15:53:51,694 [WARN] PackLoader:238 - Cannot read IP mode file for STMicroelectronics.X-CUBE-AZRTOS-F7.1.1.0
2023-10-07 15:53:51,722 [ERROR] Engine:463 - C:\Users\Admin\.stm32cubemx\thirdparties\pdsc\STMicroelectronics.FP-SNS-MOTENV1.4.3.2.pdsc: PDSC version is not supported
2023-10-07 15:53:51,725 [ERROR] Engine:463 - C:\Users\Admin\.stm32cubemx\thirdparties\pdsc\STMicroelectronics.FP-SNS-FLIGHT1.5.0.2.pdsc: PDSC version is not supported
2023-10-07 15:53:51,725 [ERROR] Engine:463 - C:\Users\Admin\.stm32cubemx\thirdparties\pdsc\STMicroelectronics.X-CUBE-DISPLAY.3.0.0.pdsc: PDSC version is not supported
2023-10-07 15:53:51,725 [WARN] PackLoader:238 - Cannot read IP mode file for STMicroelectronics.X-CUBE-BLE1.7.0.0
2023-10-07 15:53:51,740 [ERROR] Engine:463 - C:\Users\Admin\.stm32cubemx\thirdparties\pdsc\emotas.I-CUBE-CANOPEN.1.3.0.pdsc: PDSC version is not supported
2023-10-07 15:53:51,740 [WARN] PackLoader:238 - Cannot read IP mode file for STMicroelectronics.X-CUBE-TOUCHGFX.4.22.0
2023-10-07 15:53:51,740 [WARN] PackLoader:238 - Cannot read IP mode file for STMicroelectronics.X-CUBE-TOUCHGFX.4.22.1
2023-10-07 15:53:51,740 [ERROR] Engine:463 - C:\Users\Admin\.stm32cubemx\thirdparties\pdsc\STMicroelectronics.FP-SNS-SMARTAG2.1.2.0.pdsc: PDSC version is not supported
2023-10-07 15:53:51,756 [INFO] LogOutputStream:76 - [STDOUT_REDIRECT] 1 : Invalid condition id : UX_CORESTACK_Condition cause : null
2023-10-07 15:53:51,756 [INFO] LogOutputStream:76 - [STDOUT_REDIRECT] 1 : Invalid condition id : UX_CORESTACK_Condition cause : null
2023-10-07 15:53:51,771 [INFO] LogOutputStream:76 - [STDOUT_REDIRECT] 1 : Invalid condition id : UX_CORESTACK_Condition cause : null
2023-10-07 15:53:51,771 [INFO] LogOutputStream:76 - [STDOUT_REDIRECT] 1 : Invalid condition id : UX_CORESTACK_Condition cause : null
2023-10-07 15:53:51,771 [INFO] LogOutputStream:76 - [STDOUT_REDIRECT] 1 : Invalid condition id : UX_CORESTACK_Condition cause : null
2023-10-07 15:53:51,771 [WARN] PackLoader:238 - Cannot read IP mode file for STMicroelectronics.X-CUBE-AZRTOS-WL.2.0.0
2023-10-07 15:53:51,787 [WARN] PackLoader:238 - Cannot read IP mode file for WES.I-CUBE-Cesium.1.3.0
2023-10-07 15:53:51,787 [WARN] PackLoader:238 - Cannot read IP mode file for STMicroelectronics.X-CUBE-BLE2.3.3.0
2023-10-07 15:53:51,787 [WARN] PackLoader:238 - Cannot read IP mode file for STMicroelectronics.X-CUBE-ALGOBUILD.1.3.0
2023-10-07 15:53:51,818 [WARN] PackLoader:238 - Cannot read IP mode file for STMicroelectronics.X-CUBE-AZRTOS-G0.1.1.0
2023-10-07 15:53:51,818 [WARN] PackLoader:238 - Cannot read IP mode file for STMicroelectronics.X-CUBE-NFC4.3.0.0
2023-10-07 15:53:51,834 [WARN] PackLoader:238 - Cannot read IP mode file for STMicroelectronics.FP-ATR-SIGFOX1.3.2.0
2023-10-07 15:53:51,897 [WARN] PackLoader:238 - Cannot read IP mode file for SEGGER.I-CUBE-embOS.1.3.1
2023-10-07 15:53:51,959 [WARN] PackLoader:238 - Cannot read IP mode file for STMicroelectronics.X-CUBE-GNSS1.6.0.0
2023-10-07 15:53:51,991 [WARN] PackLoader:238 - Cannot read IP mode file for STMicroelectronics.X-CUBE-AZRTOS-F4.1.1.0
2023-10-07 15:53:51,991 [WARN] PackLoader:238 - Cannot read IP mode file for wolfSSL.I-CUBE-wolfSSL.5.6.3
2023-10-07 15:53:52,041 [WARN] PackLoader:238 - Cannot read IP mode file for STMicroelectronics.X-CUBE-AZRTOS-L5.2.0.0
2023-10-07 15:53:52,100 [WARN] PackLoader:238 - Cannot read IP mode file for STMicroelectronics.X-CUBE-MEMS1.9.6.0
2023-10-07 15:53:52,366 [ERROR] Engine:463 - C:\Users\Admin\.stm32cubemx\thirdparties\pdsc\ITTIA_DB.I-CUBE-ITTIADB.8.8.0.pdsc: PDSC version is not supported
2023-10-07 15:53:52,397 [WARN] PackLoader:238 - Cannot read IP mode file for STMicroelectronics.X-CUBE-BLEMGR.2.0.0
2023-10-07 15:53:52,414 [WARN] ConditionMgr:437 - getConditionDescription Invalid condition id : UX DEVICE CLASS RTOS Condition cause : null
2023-10-07 15:53:52,414 [WARN] ConditionMgr:437 - getConditionDescription Invalid condition id : UX DEVICE CLASS RTOS Condition cause : null
2023-10-07 15:53:52,414 [WARN] PackLoader:238 - Cannot read IP mode file for STMicroelectronics.X-CUBE-AZRTOS-H7.3.1.0
2023-10-07 15:53:52,414 [WARN] ConditionMgr:1038 - genDependencies : Invalid condition id : UX DEVICE CLASS RTOS Condition cause : null
2023-10-07 15:53:52,414 [WARN] ConditionMgr:1038 - genDependencies : Invalid condition id : UX DEVICE CLASS RTOS Condition cause : null
2023-10-07 15:53:52,430 [WARN] ConditionMgr:1038 - genDependencies : Invalid condition id : UX DEVICE CLASS RTOS Condition cause : null
2023-10-07 15:53:52,430 [WARN] ConditionMgr:1038 - genDependencies : Invalid condition id : UX DEVICE CLASS RTOS Condition cause : null
2023-10-07 15:53:52,430 [WARN] ConditionMgr:1038 - genDependencies : Invalid condition id : UX DEVICE CLASS RTOS Condition cause : null
2023-10-07 15:53:52,430 [WARN] PackLoader:238 - Cannot read IP mode file for STMicroelectronics.X-CUBE-NFC7.1.0.1
2023-10-07 15:53:52,438 [WARN] PackLoader:238 - Cannot read IP mode file for STMicroelectronics.X-CUBE-NFC6.3.0.0
2023-10-07 15:53:52,446 [WARN] PackLoader:238 - Cannot read IP mode file for STMicroelectronics.X-CUBE-EEPRMA1.4.1.0
2023-10-07 15:53:52,461 [WARN] PackLoader:238 - Cannot read IP mode file for STMicroelectronics.X-CUBE-AI.8.1.0
2023-10-07 15:53:52,492 [WARN] ConditionMgr:437 - getConditionDescription Invalid condition id : LAN8742 Phy interface Condition cause : null
2023-10-07 15:53:52,492 [WARN] PackLoader:238 - Cannot read IP mode file for STMicroelectronics.X-CUBE-AZRTOS-L4.2.0.0
2023-10-07 15:53:52,492 [WARN] ConditionMgr:1038 - genDependencies : Invalid condition id : LAN8742 Phy interface Condition cause : null
2023-10-07 15:53:52,492 [WARN] ConditionMgr:1038 - genDependencies : Invalid condition id : LAN8742 Phy interface Condition cause : null
2023-10-07 15:53:52,492 [WARN] ConditionMgr:1038 - genDependencies : Invalid condition id : LAN8742 Phy interface Condition cause : null
2023-10-07 15:53:52,508 [WARN] PackLoader:238 - Cannot read IP mode file for STMicroelectronics.X-CUBE-SFXS2LP1.4.0.0
2023-10-07 15:53:52,508 [WARN] PackLoader:238 - Cannot read IP mode file for STMicroelectronics.X-CUBE-ISPU.1.1.0
2023-10-07 15:53:52,524 [WARN] ConditionMgr:437 - getConditionDescription Invalid condition id : UX DEVICE CLASS RTOS Condition cause : null
2023-10-07 15:53:52,524 [WARN] ConditionMgr:437 - getConditionDescription Invalid condition id : UX DEVICE CLASS RTOS Condition cause : null
2023-10-07 15:53:52,524 [WARN] PackLoader:238 - Cannot read IP mode file for STMicroelectronics.X-CUBE-AZRTOS-WB.2.0.0
2023-10-07 15:53:52,524 [WARN] ConditionMgr:1038 - genDependencies : Invalid condition id : UX DEVICE CLASS RTOS Condition cause : null
2023-10-07 15:53:52,524 [WARN] ConditionMgr:1038 - genDependencies : Invalid condition id : UX DEVICE CLASS RTOS Condition cause : null
2023-10-07 15:53:52,524 [WARN] ConditionMgr:1038 - genDependencies : Invalid condition id : UX DEVICE CLASS RTOS Condition cause : null
2023-10-07 15:53:52,539 [WARN] ConditionMgr:1038 - genDependencies : Invalid condition id : UX DEVICE CLASS RTOS Condition cause : null
2023-10-07 15:53:52,539 [WARN] ConditionMgr:1038 - genDependencies : Invalid condition id : UX DEVICE CLASS RTOS Condition cause : null
2023-10-07 15:53:52,540 [WARN] PackLoader:238 - Cannot read IP mode file for STMicroelectronics.X-CUBE-SUBG2.5.0.0
2023-10-07 15:53:52,555 [ERROR] Engine:463 - C:\Users\Admin\.stm32cubemx\thirdparties\pdsc\STMicroelectronics.X-CUBE-TOF1.3.3.1.pdsc: PDSC version is not supported
2023-10-07 15:53:52,589 [WARN] PackLoader:238 - Cannot read IP mode file for STMicroelectronics.X-CUBE-AZRTOS-G4.2.0.0
2023-10-07 15:53:52,603 [ERROR] Engine:463 - C:\Users\Admin\.stm32cubemx\thirdparties\pdsc\STMicroelectronics.X-CUBE-FREERTOS.1.1.0.pdsc: PDSC version is not supported
2023-10-07 15:53:52,604 [WARN] PackLoader:238 - Cannot read IP mode file for portGmbH.I-Cube-SoM-uGOAL.1.1.0
2023-10-07 15:53:52,604 [WARN] PackLoader:238 - Cannot read IP mode file for STMicroelectronics.X-CUBE-ALS.1.0.1
2023-10-07 15:53:52,618 [WARN] PackLoader:238 - Cannot read IP mode file for STMicroelectronics.FP-ATR-ASTRA1.2.0.0
2023-10-07 15:53:52,618 [INFO] ThirdParty:915 - Integrity check success = true
2023-10-07 15:53:52,618 [INFO] IntegrityCheckThread:94 - exiting critical section [integrity check]
2023-10-07 15:53:52,618 [INFO] IntegrityCheckThread:97 - End integrity checks thread
2023-10-07 15:53:52,902 [INFO] McuFinderGlobals:52 - Set McuFinderConnectedMode to false
2023-10-07 15:53:53,108 [INFO] CrossSelectorPresenter:1330 - Cross Selector saved comparison directory: C:\Users\Admin\.stmcufinder\plugins\mcufinder\mcu\cs_comparisons_mx
2023-10-07 15:53:53,108 [INFO] MultiScanPanel:197 - Auto-refresh data requested => check proxy status ongoing
2023-10-07 15:53:53,108 [INFO] MultiScanPanel:201 - Proxy status is invalid
2023-10-07 15:53:53,122 [INFO] FinderPluginLoader:87 - Searching for filters in installed packs
2023-10-07 15:53:53,122 [INFO] DbMcusXml:100 - Load MCU database from D:\STM32CubeIDE_1.7.0\STM32CubeIDE\plugins\com.st.stm32cube.common.mx_6.3.0.202107141111\\db\/mcu/families.xml
2023-10-07 15:53:53,969 [INFO] DbMcusJson:93 - JSON generation date=Tue Nov 16 23:17:54 ICT 2021 (1637079474)
2023-10-07 15:53:54,626 [INFO] DbMcus:175 - Found 1951 MCUs (1903 are supported by CubeMX, 1914 are visible in CubeMX)
2023-10-07 15:53:54,626 [INFO] ApiDb:251 - Load user favorites file C:\Users\Admin/.stm32cubeide/favorites.mcus.txt: 0 item(s)
2023-10-07 15:53:54,626 [INFO] ApiDb:255 - User favorites MCUs=[]
2023-10-07 15:53:54,626 [INFO] DbMcus:187 - Set 0 / 0 favorites MCUs
2023-10-07 15:53:55,018 [INFO] DetailPanel:309 - Set advertising image to C:/Users/Admin/STM32Cube/Repository/\en.prom-stm32h5-mcu-finder.jpg
2023-10-07 15:53:55,394 [INFO] DbBoardsPdsc:90 - Found 25 items
2023-10-07 15:53:55,394 [INFO] DbBoardsPdsc:90 - Found 9 items
2023-10-07 15:53:55,394 [INFO] DbBoardsPdsc:90 - Found 33 items
2023-10-07 15:53:55,409 [INFO] DbBoardsPdsc:90 - Found 1 items
2023-10-07 15:53:55,410 [INFO] DbBoardsPdsc:90 - Found 48 items
2023-10-07 15:53:55,410 [INFO] DbBoardsPdsc:90 - Found 43 items
2023-10-07 15:53:55,410 [INFO] DbBoardsPdsc:90 - Found 2 items
2023-10-07 15:53:55,410 [INFO] DbBoardsPdsc:90 - Found 5 items
2023-10-07 15:53:55,425 [WARN] DbBoardsPdsc:254 - Board STM32H7B3I-DK: unknown feature type=Audio, name=, username=Audio stereo codec with Headphone Amp (CS42L51-CNZ), n=1
2023-10-07 15:53:55,425 [WARN] DbBoardsPdsc:254 - Board STM32H735G-DK: unknown feature type=Audio, name=, username=Audio stereo codec with Headphone Amp (WM8994ECS/R), n=1
2023-10-07 15:53:55,425 [WARN] DbBoardsPdsc:254 - Board STM32H7B3I-EVAL: unknown feature type=Audio, name=, username=Multi-Channel Audio Codec (CS42L51-CNZ), n=1
2023-10-07 15:53:55,425 [WARN] DbBoardsPdsc:254 - Board STM32H7B3I-EVAL: unknown feature type=Meter, name=, username=Power-metering and Temperature-monitoring with sigma-delta modulators, n=1
2023-10-07 15:53:55,425 [WARN] DbBoardsPdsc:254 - Board STM32H7B3I-EVAL: unknown feature type=Motor, name=, username=Motor Control, n=1
2023-10-07 15:53:55,425 [WARN] DbBoardsPdsc:254 - Board STM32U575I-EV: unknown feature type=joystick, name=, username=4-direction joystick with selection button, n=1
2023-10-07 15:53:55,441 [INFO] DbBoardsJson:86 - JSON generation date=Tue Nov 16 23:17:54 ICT 2021 (1637079474)
2023-10-07 15:53:55,441 [INFO] DbBoards:117 - Found 167 boards (163 are supported by CubeMX)
2023-10-07 15:53:55,441 [INFO] DbBoardsDocs:143 - JSON generation date=Tue Nov 16 23:17:54 ICT 2021 (1637079474)
2023-10-07 15:53:55,441 [INFO] DbBoardsDocs:79 - Found 209 boards documents
2023-10-07 15:53:55,441 [WARN] DbBoards:127 - board B-L475E-IOT01A2 has no document id list !
2023-10-07 15:53:55,441 [WARN] DbBoards:127 - board NUCLEO-H743ZI has no document id list !
2023-10-07 15:53:55,441 [WARN] DbBoards:127 - board NUCLEO-WL55JC2 has no document id list !
2023-10-07 15:53:55,441 [WARN] DbBoards:127 - board P-NUCLEO-WB55-Nucleo has no document id list !
2023-10-07 15:53:55,441 [WARN] DbBoards:127 - board P-NUCLEO-WB55-USBDongle has no document id list !
2023-10-07 15:53:55,441 [WARN] DbBoards:127 - board STEVAL-BFA001V1B has no document id list !
2023-10-07 15:53:55,441 [WARN] DbBoards:127 - board STEVAL-BFA001V2B has no document id list !
2023-10-07 15:53:55,441 [WARN] DbBoards:127 - board STEVAL-IDP005V1 has no document id list !
2023-10-07 15:53:55,441 [WARN] DbBoards:127 - board STEVAL-IDP005V2 has no document id list !
2023-10-07 15:53:55,441 [WARN] DbBoards:127 - board STEVAL-MKSBOX1V1 has no document id list !
2023-10-07 15:53:55,441 [WARN] DbBoards:127 - board STEVAL-STWINKT1 has no document id list !
2023-10-07 15:53:55,441 [WARN] DbBoards:127 - board STEVAL-STWINKT1B has no document id list !
2023-10-07 15:53:55,441 [WARN] DbBoards:127 - board STM32439I-EVAL2 has no document id list !
2023-10-07 15:53:55,456 [WARN] DbBoards:127 - board STM32F401C-DISCO has no document id list !
2023-10-07 15:53:55,456 [WARN] DbBoards:127 - board STM32F769I-DISC1 has no document id list !
2023-10-07 15:53:55,456 [WARN] DbBoards:127 - board STM32G474E-EVAL1 has no document id list !
2023-10-07 15:53:55,456 [WARN] DbBoards:127 - board STM32H743I-EVAL2 has no document id list !
2023-10-07 15:53:55,456 [WARN] DbBoards:127 - board STM32H747I-DISC1 has no document id list !
2023-10-07 15:53:55,456 [WARN] DbBoards:127 - board STM32H753I-EVAL2 has no document id list !
2023-10-07 15:53:55,456 [WARN] DbBoards:127 - board STM32L-DISCOVERY has no document id list !
2023-10-07 15:53:55,581 [ERROR] DbBoards:189 - Image file not found for board B-U585I-IOT02A: D:\STM32CubeIDE_1.7.0\STM32CubeIDE\plugins\com.st.stm32cube.common.mx_6.3.0.202107141111\\db\/plugins/mcufinder/images/boards/B-U585I-IOT02A_small.jpg
2023-10-07 15:53:55,708 [ERROR] DbBoards:189 - Image file not found for board NUCLEO-F413ZH: D:\STM32CubeIDE_1.7.0\STM32CubeIDE\plugins\com.st.stm32cube.common.mx_6.3.0.202107141111\\db\/plugins/mcufinder/images/boards/nucleo-f413zh_small.jpg
2023-10-07 15:53:55,895 [ERROR] DbBoards:189 - Image file not found for board NUCLEO-L552ZE-Q: D:\STM32CubeIDE_1.7.0\STM32CubeIDE\plugins\com.st.stm32cube.common.mx_6.3.0.202107141111\\db\/plugins/mcufinder/images/boards/nucleo_l552ze_q_small.jpg
2023-10-07 15:53:55,895 [ERROR] DbBoards:189 - Image file not found for board NUCLEO-U575ZI-Q: D:\STM32CubeIDE_1.7.0\STM32CubeIDE\plugins\com.st.stm32cube.common.mx_6.3.0.202107141111\\db\/plugins/mcufinder/images/boards/nucleo-u575zi-q_small.jpg
2023-10-07 15:53:55,895 [ERROR] DbBoards:189 - Image file not found for board NUCLEO-WB15CC: D:\STM32CubeIDE_1.7.0\STM32CubeIDE\plugins\com.st.stm32cube.common.mx_6.3.0.202107141111\\db\/plugins/mcufinder/images/boards/nucleo-wb15cc_small.jpg
2023-10-07 15:53:55,895 [ERROR] DbBoards:189 - Image file not found for board NUCLEO-WB55RG: D:\STM32CubeIDE_1.7.0\STM32CubeIDE\plugins\com.st.stm32cube.common.mx_6.3.0.202107141111\\db\/plugins/mcufinder/images/boards/nucleo-wb55rg_small.jpg
2023-10-07 15:53:57,101 [INFO] ApiDb:251 - Load user favorites file C:\Users\Admin/.stm32cubeide/favorites.boards.txt: 0 item(s)
2023-10-07 15:53:57,101 [INFO] ApiDb:255 - User favorites Boards=[]
2023-10-07 15:53:57,117 [INFO] DbBoards:206 - Set 0 / 0 favorites Boards
2023-10-07 15:54:07,168 [INFO] DbMcusDocs:143 - JSON generation date=Tue Nov 16 23:17:54 ICT 2021 (1637079474)
2023-10-07 15:54:07,450 [INFO] DbMcusDocs:79 - Found 682 MCUs documents
2023-10-07 15:54:15,763 [INFO] MainUpdater:2671 - connection check result : 10
2023-10-07 15:54:15,763 [INFO] MainUpdater:2671 - connection check result : 10
2023-10-07 15:54:15,889 [INFO] MicroXplorer:448 - Change Database Path : 
2023-10-07 15:54:15,889 [INFO] MicroXplorer:478 - Change Database Version : DB.6.0.30
2023-10-07 15:54:15,889 [WARN] ThirdParty:813 - waiting for thirdparty lock release [close project]
2023-10-07 15:54:15,889 [INFO] ThirdParty:815 - entering critical section [close project]
2023-10-07 15:54:15,889 [INFO] ThirdParty:825 - exiting critical section [close project]
2023-10-07 15:54:15,904 [INFO] PinOutPanel:1463 - setPackage(No Configuration,No Configuration)
2023-10-07 15:54:15,904 [INFO] UtilMem:74 - Begin LoadConfig() Used Memory: 419395032 Bytes (494927872)
2023-10-07 15:54:15,904 [INFO] MicroXplorer:448 - Change Database Path : 
2023-10-07 15:54:15,904 [INFO] MicroXplorer:478 - Change Database Version : DB.6.0.30
2023-10-07 15:54:15,904 [INFO] OpenFileManager:313 - Change cursor
2023-10-07 15:54:16,988 [INFO] Context:592 - Trying to add GPIOservice into a context  which must be forbidden
2023-10-07 15:54:17,160 [INFO] ImportTextPane:167 - (OptionalMessage_ERROR) Unable to find key (Mcu.ThirdPartyNb) in loaded IOC file
2023-10-07 15:54:17,160 [INFO] ImportTextPane:167 - (OptionalMessage_ERROR) Unable to find key (Mcu.PinsNb) in loaded IOC file
2023-10-07 15:54:17,160 [INFO] ImportTextPane:167 - (OptionalMessage_ERROR) Unable to find key (Mcu.IPNb) in loaded IOC file
2023-10-07 15:54:17,230 [WARN] ApiManager:304 - Cannot register API 'Board Extension:GNSS1A1' from pack STMicroelectronics.X-CUBE-GNSS1.6.0.0: no header file found
2023-10-07 15:54:17,230 [WARN] ApiManager:304 - Cannot register API 'Board Support:Custom' from pack STMicroelectronics.X-CUBE-GNSS1.6.0.0: no header file found
2023-10-07 15:54:17,230 [WARN] ApiManager:304 - Cannot register API 'Data Exchange:lib_gnss' from pack STMicroelectronics.X-CUBE-GNSS1.6.0.0: no header file found
2023-10-07 15:54:17,239 [WARN] ApiManager:304 - Cannot register API 'Wireless:BlueNRG-MS' from pack STMicroelectronics.X-CUBE-BLE1.7.0.0: no header file found
2023-10-07 15:54:17,239 [WARN] ModelIntegratedComponent:60 - No mode defined for component null
2023-10-07 15:54:17,239 [WARN] ModelIntegratedComponent:60 - No mode defined for component null
2023-10-07 15:54:17,239 [WARN] ModelIntegratedComponent:60 - No mode defined for component null
2023-10-07 15:54:17,239 [WARN] ModelIntegratedComponent:60 - No mode defined for component null
2023-10-07 15:54:17,239 [WARN] ModelIntegratedComponent:60 - No mode defined for component null
2023-10-07 15:54:17,239 [WARN] ModelIntegratedComponent:60 - No mode defined for component null
2023-10-07 15:54:17,239 [WARN] ModelIntegratedComponent:60 - No mode defined for component null
2023-10-07 15:54:17,239 [WARN] ModelIntegratedComponent:60 - No mode defined for component null
2023-10-07 15:54:17,239 [WARN] ModelIntegratedComponent:60 - No mode defined for component null
2023-10-07 15:54:17,239 [WARN] ModelIntegratedComponent:60 - No mode defined for component null
2023-10-07 15:54:17,239 [WARN] ModelIntegratedComponent:60 - No mode defined for component null
2023-10-07 15:54:17,239 [WARN] ModelIntegratedComponent:60 - No mode defined for component null
2023-10-07 15:54:17,239 [WARN] ModelIntegratedComponent:60 - No mode defined for component null
2023-10-07 15:54:17,239 [WARN] ModelIntegratedComponent:60 - No mode defined for component null
2023-10-07 15:54:17,239 [WARN] ModelIntegratedComponent:60 - No mode defined for component null
2023-10-07 15:54:17,239 [WARN] ModelIntegratedComponent:60 - No mode defined for component null
2023-10-07 15:54:17,239 [WARN] ModelIntegratedComponent:60 - No mode defined for component null
2023-10-07 15:54:17,239 [WARN] ModelIntegratedComponent:60 - No mode defined for component null
2023-10-07 15:54:17,239 [WARN] ModelIntegratedComponent:60 - No mode defined for component null
2023-10-07 15:54:17,239 [WARN] ModelIntegratedComponent:60 - No mode defined for component null
2023-10-07 15:54:17,239 [WARN] ModelIntegratedComponent:60 - No mode defined for component null
2023-10-07 15:54:17,239 [WARN] ModelIntegratedComponent:60 - No mode defined for component null
2023-10-07 15:54:17,239 [WARN] ModelIntegratedComponent:60 - No mode defined for component null
2023-10-07 15:54:17,239 [WARN] ModelIntegratedComponent:60 - No mode defined for component null
2023-10-07 15:54:17,239 [WARN] ModelIntegratedComponent:60 - No mode defined for component null
2023-10-07 15:54:17,239 [WARN] ModelIntegratedComponent:60 - No mode defined for component null
2023-10-07 15:54:17,239 [WARN] ModelIntegratedComponent:60 - No mode defined for component null
2023-10-07 15:54:17,239 [WARN] ModelIntegratedComponent:60 - No mode defined for component null
2023-10-07 15:54:17,239 [WARN] ModelIntegratedComponent:60 - No mode defined for component null
2023-10-07 15:54:17,239 [WARN] ModelIntegratedComponent:60 - No mode defined for component null
2023-10-07 15:54:17,239 [WARN] ModelIntegratedComponent:60 - No mode defined for component null
2023-10-07 15:54:17,239 [WARN] ApiManager:304 - Cannot register API 'Board Extension:NFC07A1' from pack STMicroelectronics.X-CUBE-NFC7.1.0.1: no header file found
2023-10-07 15:54:17,255 [WARN] ApiManager:304 - Cannot register API 'Board Extension:NFC06A1' from pack STMicroelectronics.X-CUBE-NFC6.3.0.0: no header file found
2023-10-07 15:54:17,255 [WARN] ApiManager:304 - Cannot register API 'Board Extension:NFC08A1' from pack STMicroelectronics.X-CUBE-NFC6.3.0.0: no header file found
2023-10-07 15:54:17,255 [WARN] ApiManager:304 - Cannot register API 'Board Extension:EEPRMA1' from pack STMicroelectronics.X-CUBE-EEPRMA1.4.1.0: no header file found
2023-10-07 15:54:17,255 [WARN] ApiManager:304 - Cannot register API 'Board Extension:EEPRMA2' from pack STMicroelectronics.X-CUBE-EEPRMA1.4.1.0: no header file found
2023-10-07 15:54:17,255 [WARN] ApiManager:304 - Cannot register API 'Board Extension:PGEEZ1' from pack STMicroelectronics.X-CUBE-EEPRMA1.4.1.0: no header file found
2023-10-07 15:54:17,255 [WARN] ApiManager:304 - Cannot register API 'Board Part:M24' from pack STMicroelectronics.X-CUBE-EEPRMA1.4.1.0: no header file found
2023-10-07 15:54:17,255 [WARN] ApiManager:304 - Cannot register API 'Board Part:M95' from pack STMicroelectronics.X-CUBE-EEPRMA1.4.1.0: no header file found
2023-10-07 15:54:17,255 [WARN] ApiManager:304 - Cannot register API 'Board Part:M95P32' from pack STMicroelectronics.X-CUBE-EEPRMA1.4.1.0: no header file found
2023-10-07 15:54:17,255 [WARN] ApiManager:304 - Cannot register API 'PGEEZ1:SPI' from pack STMicroelectronics.X-CUBE-EEPRMA1.4.1.0: no header file found
2023-10-07 15:54:17,255 [WARN] ApiManager:304 - Cannot register API 'PGEEZ1:QDSPI' from pack STMicroelectronics.X-CUBE-EEPRMA1.4.1.0: no header file found
2023-10-07 15:54:17,443 [WARN] ApiManager:304 - Cannot register API 'Board Extension:IKS01A3' from pack STMicroelectronics.X-CUBE-MEMS1.9.6.0: no header file found
2023-10-07 15:54:17,443 [WARN] ApiManager:304 - Cannot register API 'Board Extension:IKS01A2' from pack STMicroelectronics.X-CUBE-MEMS1.9.6.0: no header file found
2023-10-07 15:54:17,443 [WARN] ApiManager:304 - Cannot register API 'Board Extension:IKS02A1' from pack STMicroelectronics.X-CUBE-MEMS1.9.6.0: no header file found
2023-10-07 15:54:17,458 [INFO] RtosManager:484 - Registered RTOS mode: class=CMSIS, group=RTOS, mode=CMSIS_V1, owner=FREERTOS
2023-10-07 15:54:17,458 [INFO] RtosManager:484 - Registered RTOS mode: class=CMSIS, group=RTOS2, mode=CMSIS_V2, owner=FREERTOS
2023-10-07 15:54:17,458 [INFO] RtosManager:484 - Registered RTOS mode: class=RTOS, group=Core, mode=CMSIS_V1, owner=FREERTOS
2023-10-07 15:54:17,458 [INFO] RtosManager:484 - Registered RTOS mode: class=RTOS, group=Core, mode=CMSIS_V2, owner=FREERTOS
2023-10-07 15:54:17,458 [WARN] ModelIntegratedComponent:181 - Missing modes for component STMicroelectronics:FreeRTOS:0.0.1:STMicroelectronics:RTOS:FreeRTOS:Core:::10.2.0:
2023-10-07 15:54:17,458 [WARN] ApiManager:304 - Cannot register API 'Board Extension:NFC04A1' from pack STMicroelectronics.X-CUBE-NFC4.3.0.0: no header file found
2023-10-07 15:54:17,458 [WARN] ApiManager:304 - Cannot register API 'Board Extension:S2868A1' from pack STMicroelectronics.X-CUBE-SUBG2.5.0.0: no header file found
2023-10-07 15:54:17,458 [WARN] ApiManager:304 - Cannot register API 'Board Extension:S2868A2' from pack STMicroelectronics.X-CUBE-SUBG2.5.0.0: no header file found
2023-10-07 15:54:17,458 [WARN] ApiManager:304 - Cannot register API 'Board Extension:S2915A1' from pack STMicroelectronics.X-CUBE-SUBG2.5.0.0: no header file found
2023-10-07 15:54:17,458 [WARN] ApiManager:304 - Cannot register API 'Board Extension:S2868A1' from pack STMicroelectronics.X-CUBE-SFXS2LP1.4.0.0: no header file found
2023-10-07 15:54:17,458 [WARN] ApiManager:304 - Cannot register API 'Board Extension:S2868A2' from pack STMicroelectronics.X-CUBE-SFXS2LP1.4.0.0: no header file found
2023-10-07 15:54:17,458 [WARN] ApiManager:304 - Cannot register API 'Board Extension:S2915A1' from pack STMicroelectronics.X-CUBE-SFXS2LP1.4.0.0: no header file found
2023-10-07 15:54:17,458 [WARN] ApiManager:304 - Cannot register API 'Wireless:BlueNRG-2' from pack STMicroelectronics.X-CUBE-BLE2.3.3.0: no header file found
2023-10-07 15:54:18,932 [INFO] UtilMem:74 - End LoadConfig() Used Memory: 282751288 Bytes (494927872)
2023-10-07 15:54:18,932 [WARN] ThirdParty:779 - waiting for thirdparty lock release [change project]
2023-10-07 15:54:18,932 [INFO] ThirdParty:781 - entering critical section [change project]
2023-10-07 15:54:18,932 [INFO] ThirdParty:967 - CMSIS Pack Vendor :STMicroelectronics X-CUBE-ISPU 1.1.0
2023-10-07 15:54:18,932 [INFO] ThirdParty:967 - CMSIS Pack Vendor :STMicroelectronics X-CUBE-GNSS1 6.0.0
2023-10-07 15:54:18,932 [INFO] ThirdParty:967 - CMSIS Pack Vendor :STMicroelectronics USB_HOST 2.0.0
2023-10-07 15:54:18,932 [INFO] ThirdParty:967 - CMSIS Pack Vendor :STMicroelectronics X-CUBE-AZRTOS-F4 1.1.0
2023-10-07 15:54:18,932 [INFO] ThirdParty:967 - CMSIS Pack Vendor :STMicroelectronics X-CUBE-BLE1 7.0.0
2023-10-07 15:54:18,932 [INFO] ThirdParty:967 - CMSIS Pack Vendor :STMicroelectronics FP-ATR-SIGFOX1 3.2.0
2023-10-07 15:54:18,932 [INFO] ThirdParty:967 - CMSIS Pack Vendor :wolfSSL I-CUBE-wolfSSL 5.6.3
2023-10-07 15:54:18,932 [INFO] ThirdParty:967 - CMSIS Pack Vendor :STMicroelectronics USB_DEVICE 3.0.0
2023-10-07 15:54:18,932 [INFO] ThirdParty:967 - CMSIS Pack Vendor :STMicroelectronics HAL Drivers 0.0.0
2023-10-07 15:54:18,932 [INFO] ThirdParty:967 - CMSIS Pack Vendor :STMicroelectronics MBEDTLS 2.16.2
2023-10-07 15:54:18,932 [INFO] ThirdParty:967 - CMSIS Pack Vendor :STMicroelectronics X-CUBE-AZRTOS-WB 2.0.0
2023-10-07 15:54:18,932 [INFO] ThirdParty:967 - CMSIS Pack Vendor :STMicroelectronics X-CUBE-TOUCHGFX 4.22.0
2023-10-07 15:54:18,932 [INFO] ThirdParty:967 - CMSIS Pack Vendor :STMicroelectronics X-CUBE-NFC7 1.0.1
2023-10-07 15:54:18,932 [INFO] ThirdParty:967 - CMSIS Pack Vendor :STMicroelectronics MBEDTLS 2.14.1
2023-10-07 15:54:18,932 [INFO] ThirdParty:967 - CMSIS Pack Vendor :STMicroelectronics X-CUBE-TOUCHGFX 4.22.1
2023-10-07 15:54:18,932 [INFO] ThirdParty:967 - CMSIS Pack Vendor :STMicroelectronics X-CUBE-AZRTOS-F7 1.1.0
2023-10-07 15:54:18,932 [INFO] ThirdParty:967 - CMSIS Pack Vendor :STMicroelectronics X-CUBE-AZRTOS-L5 2.0.0
2023-10-07 15:54:18,932 [INFO] ThirdParty:967 - CMSIS Pack Vendor :STMicroelectronics X-CUBE-NFC6 3.0.0
2023-10-07 15:54:18,932 [INFO] ThirdParty:967 - CMSIS Pack Vendor :STMicroelectronics X-CUBE-EEPRMA1 4.1.0
2023-10-07 15:54:18,946 [INFO] ThirdParty:967 - CMSIS Pack Vendor :portGmbH I-Cube-SoM-uGOAL 1.1.0
2023-10-07 15:54:18,946 [INFO] ThirdParty:967 - CMSIS Pack Vendor :STMicroelectronics X-CUBE-ALS 1.0.1
2023-10-07 15:54:18,946 [INFO] ThirdParty:967 - CMSIS Pack Vendor :STMicroelectronics USB_DEVICE 2.0.0
2023-10-07 15:54:18,946 [INFO] ThirdParty:967 - CMSIS Pack Vendor :STMicroelectronics X-CUBE-MEMS1 9.6.0
2023-10-07 15:54:18,946 [INFO] ThirdParty:967 - CMSIS Pack Vendor :STMicroelectronics X-CUBE-AZRTOS-WL 2.0.0
2023-10-07 15:54:18,946 [INFO] ThirdParty:967 - CMSIS Pack Vendor :STMicroelectronics X-CUBE-ALGOBUILD 1.3.0
2023-10-07 15:54:18,946 [INFO] ThirdParty:967 - CMSIS Pack Vendor :SEGGER I-CUBE-embOS 1.3.1
2023-10-07 15:54:18,946 [INFO] ThirdParty:967 - CMSIS Pack Vendor :STMicroelectronics FreeRTOS 0.0.1
2023-10-07 15:54:18,948 [INFO] ThirdParty:967 - CMSIS Pack Vendor :STMicroelectronics X-CUBE-AZRTOS-G0 1.1.0
2023-10-07 15:54:18,948 [INFO] ThirdParty:967 - CMSIS Pack Vendor :STMicroelectronics USB_DEVICE 1.0.0
2023-10-07 15:54:18,948 [INFO] ThirdParty:967 - CMSIS Pack Vendor :STMicroelectronics X-CUBE-BLEMGR 2.0.0
2023-10-07 15:54:18,948 [INFO] ThirdParty:967 - CMSIS Pack Vendor :STMicroelectronics X-CUBE-AI 8.1.0
2023-10-07 15:54:18,948 [INFO] ThirdParty:967 - CMSIS Pack Vendor :STMicroelectronics X-CUBE-NFC4 3.0.0
2023-10-07 15:54:18,948 [INFO] ThirdParty:967 - CMSIS Pack Vendor :STMicroelectronics X-CUBE-SUBG2 5.0.0
2023-10-07 15:54:18,948 [INFO] ThirdParty:967 - CMSIS Pack Vendor :STMicroelectronics X-CUBE-AZRTOS-L4 2.0.0
2023-10-07 15:54:18,948 [INFO] ThirdParty:967 - CMSIS Pack Vendor :STMicroelectronics ThreadX 0.0.2
2023-10-07 15:54:18,948 [INFO] ThirdParty:967 - CMSIS Pack Vendor :WES I-CUBE-Cesium 1.3.0
2023-10-07 15:54:18,948 [INFO] ThirdParty:967 - CMSIS Pack Vendor :STMicroelectronics FP-ATR-ASTRA1 2.0.0
2023-10-07 15:54:18,948 [INFO] ThirdParty:967 - CMSIS Pack Vendor :STMicroelectronics lwIP 2.0.3
2023-10-07 15:54:18,948 [INFO] ThirdParty:967 - CMSIS Pack Vendor :STMicroelectronics lwIP 2.1.2
2023-10-07 15:54:18,948 [INFO] ThirdParty:967 - CMSIS Pack Vendor :STMicroelectronics X-CUBE-SFXS2LP1 4.0.0
2023-10-07 15:54:18,948 [INFO] ThirdParty:967 - CMSIS Pack Vendor :STMicroelectronics X-CUBE-BLE2 3.3.0
2023-10-07 15:54:18,948 [INFO] ThirdParty:967 - CMSIS Pack Vendor :STMicroelectronics USB_HOST 1.0.0
2023-10-07 15:54:18,948 [INFO] ThirdParty:967 - CMSIS Pack Vendor :STMicroelectronics X-CUBE-AZRTOS-G4 2.0.0
2023-10-07 15:54:18,948 [INFO] ThirdParty:967 - CMSIS Pack Vendor :STMicroelectronics PDM2PCM 3.1.0
2023-10-07 15:54:18,948 [INFO] ThirdParty:967 - CMSIS Pack Vendor :STMicroelectronics X-CUBE-AZRTOS-H7 3.1.0
2023-10-07 15:54:18,948 [INFO] ThirdParty:967 - CMSIS Pack Vendor :STMicroelectronics PDM2PCM 3.2.0
2023-10-07 15:54:18,948 [INFO] ThirdParty:967 - CMSIS Pack Vendor :STMicroelectronics PDM2PCM 3.3.0
2023-10-07 15:54:18,948 [INFO] ThirdParty:787 - exiting critical section [change project]
2023-10-07 15:54:19,333 [INFO] PinOutPanel:1463 - setPackage(No Configuration,No Configuration)
2023-10-07 15:54:19,333 [INFO] PinOutPanel:1463 - setPackage(STM32F103C6Ux,UFQFPN48)
2023-10-07 15:54:19,946 [INFO] UtilMem:74 - Before build in PCC Used Memory: 252036256 Bytes (494927872)
2023-10-07 15:54:20,657 [INFO] UtilMem:74 - After build in PCC Used Memory: 330679480 Bytes (494927872)
2023-10-07 15:54:20,672 [INFO] IPUIPlugin:74 - create IPUIPlugin
2023-10-07 15:54:20,672 [INFO] IPUIPlugin:74 - create IPUIPlugin
2023-10-07 15:54:20,672 [INFO] IPUIPlugin:74 - create IPUIPlugin
2023-10-07 15:54:20,672 [INFO] IPUIPlugin:74 - create IPUIPlugin
2023-10-07 15:54:20,672 [INFO] IPUIPlugin:74 - create IPUIPlugin
2023-10-07 15:54:20,672 [INFO] IPUIPlugin:74 - create IPUIPlugin
2023-10-07 15:54:20,672 [INFO] IPUIPlugin:74 - create IPUIPlugin
2023-10-07 15:54:20,672 [INFO] IPUIPlugin:74 - create IPUIPlugin
2023-10-07 15:54:20,672 [INFO] IPUIPlugin:74 - create IPUIPlugin
2023-10-07 15:54:20,672 [INFO] IPUIPlugin:74 - create IPUIPlugin
2023-10-07 15:54:20,672 [INFO] IPUIPlugin:74 - create IPUIPlugin
2023-10-07 15:54:20,672 [INFO] IPUIPlugin:74 - create IPUIPlugin
2023-10-07 15:54:20,672 [INFO] IPUIPlugin:74 - create IPUIPlugin
2023-10-07 15:54:20,672 [INFO] IPUIPlugin:74 - create IPUIPlugin
2023-10-07 15:54:20,672 [INFO] IPUIPlugin:74 - create IPUIPlugin
2023-10-07 15:54:20,672 [INFO] IPUIPlugin:74 - create IPUIPlugin
2023-10-07 15:54:20,672 [INFO] IPUIPlugin:74 - create IPUIPlugin
2023-10-07 15:54:20,672 [INFO] IPUIPlugin:74 - create IPUIPlugin
2023-10-07 15:54:20,672 [INFO] IPUIPlugin:74 - create IPUIPlugin
2023-10-07 15:54:20,672 [INFO] IPUIPlugin:74 - create IPUIPlugin
2023-10-07 15:54:20,672 [INFO] IPUIPlugin:74 - create IPUIPlugin
2023-10-07 15:54:20,672 [INFO] IPUIPlugin:74 - create IPUIPlugin
2023-10-07 15:54:20,672 [INFO] IPUIPlugin:74 - create IPUIPlugin
2023-10-07 15:54:20,782 [INFO] OpenFileManager:333 - Restore cursor
2023-10-07 15:54:21,297 [INFO] UtilMem:74 - End SaveConfig() Used Memory: 396213408 Bytes (494927872)
2023-10-07 15:54:21,364 [INFO] UtilMem:74 - End SaveConfig() Used Memory: 409322656 Bytes (494927872)
2023-10-07 15:54:21,865 [INFO] BlockDiagram:2740 - set Specific Code input for plugin: NVIC
2023-10-07 15:54:21,865 [INFO] BlockDiagram:2740 - set Specific Code input for plugin: SYS
2023-10-07 15:54:21,865 [INFO] BlockDiagram:2740 - set Specific Code input for plugin: RCC
2023-10-07 15:54:21,865 [INFO] CodeGenerator:663 - code generatio: config db path: D:\STM32CubeIDE_1.7.0\STM32CubeIDE\plugins\com.st.stm32cube.common.mx_6.3.0.202107141111\\db\
2023-10-07 15:54:22,157 [INFO] CodeEngine:239 - oldGeneratedFile, D:\lab2\lab2\MXTmpFiles\license.tmp_save
2023-10-07 15:54:22,489 [INFO] CodeEngine:257 - Generated code: D:\lab2\lab2\MXTmpFiles\license.tmp
2023-10-07 15:54:22,553 [INFO] CodeEngine:239 - oldGeneratedFile, D:\lab2\lab2\Core\Src\stm32f1xx_it.c_save
2023-10-07 15:54:22,718 [INFO] CodeEngine:257 - Generated code: D:\lab2\lab2\Core\Src\stm32f1xx_it.c
2023-10-07 15:54:22,719 [INFO] CodeEngine:239 - oldGeneratedFile, D:\lab2\lab2\Core\Inc\stm32f1xx_it.h_save
2023-10-07 15:54:22,836 [INFO] CodeEngine:257 - Generated code: D:\lab2\lab2\Core\Inc\stm32f1xx_it.h
2023-10-07 15:54:22,853 [INFO] CodeEngine:239 - oldGeneratedFile, D:\lab2\lab2\Core\Src\stm32f1xx_hal_msp.c_save
2023-10-07 15:54:23,025 [INFO] CodeEngine:257 - Generated code: D:\lab2\lab2\Core\Src\stm32f1xx_hal_msp.c
2023-10-07 15:54:23,025 [INFO] CodeEngine:239 - oldGeneratedFile, D:\lab2\lab2\MXTmpFiles\system.tmp_save
2023-10-07 15:54:23,090 [INFO] CodeEngine:257 - Generated code: D:\lab2\lab2\MXTmpFiles\system.tmp
2023-10-07 15:54:23,099 [INFO] CodeEngine:239 - oldGeneratedFile, D:\lab2\lab2\Core\Inc\stm32f1xx_hal_conf.h_save
2023-10-07 15:54:23,290 [INFO] CodeEngine:257 - Generated code: D:\lab2\lab2\Core\Inc\stm32f1xx_hal_conf.h
2023-10-07 15:54:23,351 [INFO] CodeEngine:239 - oldGeneratedFile, D:\lab2\lab2\Core\Inc\main.h_save
2023-10-07 15:54:23,483 [INFO] CodeEngine:257 - Generated code: D:\lab2\lab2\Core\Inc\main.h
2023-10-07 15:54:23,483 [INFO] CodeEngine:239 - oldGeneratedFile, D:\lab2\lab2\Core\Src\main.c_save
2023-10-07 15:54:23,632 [INFO] CodeEngine:257 - Generated code: D:\lab2\lab2\Core\Src\main.c
2023-10-07 15:54:24,899 [INFO] ProjectBuilder:2578 - Time for Copy HAL[1] : 105mS.
2023-10-07 15:54:24,909 [INFO] ProjectBuilder:3622 - Project Generator version: 3.14.1
2023-10-07 15:54:25,685 [INFO] ConfigFileManager:1271 - The Die is : DIE412
2023-10-07 15:54:25,702 [INFO] ApiDbMcu:468 - Load IP Config File for FATFS
2023-10-07 15:54:25,759 [INFO] ApiDbMcu:468 - Load IP Config File for FREERTOS
2023-10-07 15:54:25,816 [INFO] ApiDbMcu:468 - Load IP Config File for USB_DEVICE
2023-10-07 15:54:29,818 [INFO] ProjectBuilder:3789 - Time for Generating toolchain IDE Files: 4909mS.
2023-10-07 15:54:29,818 [INFO] ProjectBuilder:2457 - Time for Copy CMSIS : 0mS.
2023-10-07 15:54:29,818 [INFO] ProjectBuilder:2457 - Time for Copy CMSIS : 0mS.
2023-10-07 15:54:30,712 [INFO] McuFinderGlobals:52 - Set McuFinderConnectedMode to true
2023-10-07 15:54:30,715 [INFO] ApiDb:276 - Save user favorites file C:\Users\Admin/.stm32cubeide/favorites.mcus.txt: 0 item(s)
2023-10-07 15:54:30,715 [INFO] ApiDb:280 - User favorites MCUs=[]
